2025-04-27 03:51:09,480 INFO: Library Management System startup [in d:\Menoufia National University 2024-2025\Faculty of Computers & Artifcial intellegance\Level 2\Semester 2\Software Engineering Section - Eng.أحمد القصاص\library_Managment\app.py:2106]
2025-04-27 03:51:10,562 INFO: Library Management System startup [in d:\Menoufia National University 2024-2025\Faculty of Computers & Artifcial intellegance\Level 2\Semester 2\Software Engineering Section - Eng.أحمد القصاص\library_Managment\app.py:2106]
2025-04-27 03:51:13,052 INFO: Accessing index route [in d:\Menoufia National University 2024-2025\Faculty of Computers & Artifcial intellegance\Level 2\Semester 2\Software Engineering Section - Eng.أحمد القصاص\library_Managment\app.py:206]
2025-04-27 03:51:13,103 INFO: Found 8 books [in d:\Menoufia National University 2024-2025\Faculty of Computers & Artifcial intellegance\Level 2\Semester 2\Software Engineering Section - Eng.أحمد القصاص\library_Managment\app.py:212]
2025-04-27 03:51:13,104 INFO: Book: Big Data Analytics by Theory, Techniques, Platforms, and Applications, Available: 200/200 [in d:\Menoufia National University 2024-2025\Faculty of Computers & Artifcial intellegance\Level 2\Semester 2\Software Engineering Section - Eng.أحمد القصاص\library_Managment\app.py:216]
2025-04-27 03:51:13,104 INFO: Book: Introduction to IoT by  Sudip Misra ,  Anandarup Mukherjee ,  Arijit Roy, Available: 100/100 [in d:\Menoufia National University 2024-2025\Faculty of Computers & Artifcial intellegance\Level 2\Semester 2\Software Engineering Section - Eng.أحمد القصاص\library_Managment\app.py:216]
2025-04-27 03:51:13,105 INFO: Book: Java: A Beginner's Guide, Tenth Edition by  Danny Coward , Herbert Schildt , Available: 100/100 [in d:\Menoufia National University 2024-2025\Faculty of Computers & Artifcial intellegance\Level 2\Semester 2\Software Engineering Section - Eng.أحمد القصاص\library_Managment\app.py:216]
2025-04-27 03:51:13,105 INFO: Book: Python Crash Course, 3rd Edition: A Hands-On, Project-Based Introduction to Programming 3rd Edition by  Eric Matthes , Available: 100/100 [in d:\Menoufia National University 2024-2025\Faculty of Computers & Artifcial intellegance\Level 2\Semester 2\Software Engineering Section - Eng.أحمد القصاص\library_Managment\app.py:216]
2025-04-27 03:51:13,107 INFO: Book: System Analysis & Design  by Alan Dennis, Barbara Haley Wixom & Roberta M., Available: 100/101 [in d:\Menoufia National University 2024-2025\Faculty of Computers & Artifcial intellegance\Level 2\Semester 2\Software Engineering Section - Eng.أحمد القصاص\library_Managment\app.py:216]
2025-04-27 03:51:13,107 INFO: Book: إحياء علوم الدين by Abu Hamid al-Ghazali ,  أبو حامد الغزالي, Available: 100/100 [in d:\Menoufia National University 2024-2025\Faculty of Computers & Artifcial intellegance\Level 2\Semester 2\Software Engineering Section - Eng.أحمد القصاص\library_Managment\app.py:216]
2025-04-27 03:51:13,107 INFO: Book: السيرة النبوية by ابن هشام ,  مصطفى السقا, Available: 98/100 [in d:\Menoufia National University 2024-2025\Faculty of Computers & Artifcial intellegance\Level 2\Semester 2\Software Engineering Section - Eng.أحمد القصاص\library_Managment\app.py:216]
2025-04-27 03:51:13,108 INFO: Book: Design Patterns: Elements of Reusable Object-Oriented Software  by  Erich Gamma (Author), Richard Helm (Author), Ralph Johnson (Author), John Vlissides (Author), Available: 100/101 [in d:\Menoufia National University 2024-2025\Faculty of Computers & Artifcial intellegance\Level 2\Semester 2\Software Engineering Section - Eng.أحمد القصاص\library_Managment\app.py:216]
2025-04-27 03:51:17,585 INFO: Login attempt for user: Abdallah Waleed Kamal [in d:\Menoufia National University 2024-2025\Faculty of Computers & Artifcial intellegance\Level 2\Semester 2\Software Engineering Section - Eng.أحمد القصاص\library_Managment\app.py:333]
2025-04-27 03:51:17,872 INFO: User Abdallah Waleed Kamal logged in successfully [in d:\Menoufia National University 2024-2025\Faculty of Computers & Artifcial intellegance\Level 2\Semester 2\Software Engineering Section - Eng.أحمد القصاص\library_Managment\app.py:341]
2025-04-27 03:51:17,884 INFO: Accessing dashboard for user Abdallah Waleed Kamal with role customer [in d:\Menoufia National University 2024-2025\Faculty of Computers & Artifcial intellegance\Level 2\Semester 2\Software Engineering Section - Eng.أحمد القصاص\library_Managment\app.py:413]
2025-04-27 03:51:17,901 INFO: Customer dashboard data loaded for Abdallah Waleed Kamal [in d:\Menoufia National University 2024-2025\Faculty of Computers & Artifcial intellegance\Level 2\Semester 2\Software Engineering Section - Eng.أحمد القصاص\library_Managment\app.py:506]
2025-04-27 03:51:19,415 INFO: Accessing index route [in d:\Menoufia National University 2024-2025\Faculty of Computers & Artifcial intellegance\Level 2\Semester 2\Software Engineering Section - Eng.أحمد القصاص\library_Managment\app.py:206]
2025-04-27 03:51:19,417 INFO: Found 8 books [in d:\Menoufia National University 2024-2025\Faculty of Computers & Artifcial intellegance\Level 2\Semester 2\Software Engineering Section - Eng.أحمد القصاص\library_Managment\app.py:212]
2025-04-27 03:51:19,417 INFO: Book: Big Data Analytics by Theory, Techniques, Platforms, and Applications, Available: 200/200 [in d:\Menoufia National University 2024-2025\Faculty of Computers & Artifcial intellegance\Level 2\Semester 2\Software Engineering Section - Eng.أحمد القصاص\library_Managment\app.py:216]
2025-04-27 03:51:19,418 INFO: Book: Introduction to IoT by  Sudip Misra ,  Anandarup Mukherjee ,  Arijit Roy, Available: 100/100 [in d:\Menoufia National University 2024-2025\Faculty of Computers & Artifcial intellegance\Level 2\Semester 2\Software Engineering Section - Eng.أحمد القصاص\library_Managment\app.py:216]
2025-04-27 03:51:19,418 INFO: Book: Java: A Beginner's Guide, Tenth Edition by  Danny Coward , Herbert Schildt , Available: 100/100 [in d:\Menoufia National University 2024-2025\Faculty of Computers & Artifcial intellegance\Level 2\Semester 2\Software Engineering Section - Eng.أحمد القصاص\library_Managment\app.py:216]
2025-04-27 03:51:19,418 INFO: Book: Python Crash Course, 3rd Edition: A Hands-On, Project-Based Introduction to Programming 3rd Edition by  Eric Matthes , Available: 100/100 [in d:\Menoufia National University 2024-2025\Faculty of Computers & Artifcial intellegance\Level 2\Semester 2\Software Engineering Section - Eng.أحمد القصاص\library_Managment\app.py:216]
2025-04-27 03:51:19,419 INFO: Book: System Analysis & Design  by Alan Dennis, Barbara Haley Wixom & Roberta M., Available: 100/101 [in d:\Menoufia National University 2024-2025\Faculty of Computers & Artifcial intellegance\Level 2\Semester 2\Software Engineering Section - Eng.أحمد القصاص\library_Managment\app.py:216]
2025-04-27 03:51:19,419 INFO: Book: إحياء علوم الدين by Abu Hamid al-Ghazali ,  أبو حامد الغزالي, Available: 100/100 [in d:\Menoufia National University 2024-2025\Faculty of Computers & Artifcial intellegance\Level 2\Semester 2\Software Engineering Section - Eng.أحمد القصاص\library_Managment\app.py:216]
2025-04-27 03:51:19,419 INFO: Book: السيرة النبوية by ابن هشام ,  مصطفى السقا, Available: 98/100 [in d:\Menoufia National University 2024-2025\Faculty of Computers & Artifcial intellegance\Level 2\Semester 2\Software Engineering Section - Eng.أحمد القصاص\library_Managment\app.py:216]
2025-04-27 03:51:19,420 INFO: Book: Design Patterns: Elements of Reusable Object-Oriented Software  by  Erich Gamma (Author), Richard Helm (Author), Ralph Johnson (Author), John Vlissides (Author), Available: 100/101 [in d:\Menoufia National University 2024-2025\Faculty of Computers & Artifcial intellegance\Level 2\Semester 2\Software Engineering Section - Eng.أحمد القصاص\library_Managment\app.py:216]
2025-04-27 03:51:30,168 INFO: Loading profile for user Abdallah Waleed Kamal with role customer [in d:\Menoufia National University 2024-2025\Faculty of Computers & Artifcial intellegance\Level 2\Semester 2\Software Engineering Section - Eng.أحمد القصاص\library_Managment\app.py:1186]
2025-04-27 03:51:30,169 INFO: Loading customer profile data [in d:\Menoufia National University 2024-2025\Faculty of Computers & Artifcial intellegance\Level 2\Semester 2\Software Engineering Section - Eng.أحمد القصاص\library_Managment\app.py:1189]
2025-04-27 03:51:34,329 INFO: Accessing index route [in d:\Menoufia National University 2024-2025\Faculty of Computers & Artifcial intellegance\Level 2\Semester 2\Software Engineering Section - Eng.أحمد القصاص\library_Managment\app.py:206]
2025-04-27 03:51:34,331 INFO: Found 8 books [in d:\Menoufia National University 2024-2025\Faculty of Computers & Artifcial intellegance\Level 2\Semester 2\Software Engineering Section - Eng.أحمد القصاص\library_Managment\app.py:212]
2025-04-27 03:51:34,331 INFO: Book: Big Data Analytics by Theory, Techniques, Platforms, and Applications, Available: 200/200 [in d:\Menoufia National University 2024-2025\Faculty of Computers & Artifcial intellegance\Level 2\Semester 2\Software Engineering Section - Eng.أحمد القصاص\library_Managment\app.py:216]
2025-04-27 03:51:34,332 INFO: Book: Introduction to IoT by  Sudip Misra ,  Anandarup Mukherjee ,  Arijit Roy, Available: 100/100 [in d:\Menoufia National University 2024-2025\Faculty of Computers & Artifcial intellegance\Level 2\Semester 2\Software Engineering Section - Eng.أحمد القصاص\library_Managment\app.py:216]
2025-04-27 03:51:34,332 INFO: Book: Java: A Beginner's Guide, Tenth Edition by  Danny Coward , Herbert Schildt , Available: 100/100 [in d:\Menoufia National University 2024-2025\Faculty of Computers & Artifcial intellegance\Level 2\Semester 2\Software Engineering Section - Eng.أحمد القصاص\library_Managment\app.py:216]
